<?xml version="1.0" encoding="UTF-8"?><testsuite errors="0" failures="0" name="com.restassuredserenity.junit.GetCountryByNameTest" skipped="0" tests="3" time="9.85" timestamp="2020-05-07 09:58:24"><testcase classname="com.restassuredserenity.junit.GetCountryByNameTest" name="Assignment 2: Verifying capital of Oslo"/><testcase classname="com.restassuredserenity.junit.GetCountryByNameTest" name="Assignment 1: Verifying 404 Not found"/><testcase classname="com.restassuredserenity.junit.GetCountryByNameTest" name="Assignment 1: Verifying Republic of India "/></testsuite>