<?xml version="1.0" encoding="UTF-8"?><testsuite errors="0" failures="0" name="com.restassuredserenity.junit.PostCustomerRegistrationTest" skipped="0" tests="2" time="1.07" timestamp="2020-05-07 09:58:39"><testcase classname="com.restassuredserenity.junit.PostCustomerRegistrationTest" name="The customer is able to create an account"/><testcase classname="com.restassuredserenity.junit.PostCustomerRegistrationTest" name="The customer is not able to create an account with the information registered already"/></testsuite>